# JRE version: Java(TM) SE Runtime Environment (8.0_181-b13) (build 1.8.0_181-b13)
# Java VM: Java HotSpot(TM) 64-Bit Server VM (25.181-b13 mixed mode windows-amd64 compressed oops)
Heap:
 PSYoungGen      total 218624K, used 47475K [0x000000076b000000, 0x0000000781980000, 0x00000007c0000000)
  eden space 192512K, 24% used [0x000000076b000000,0x000000076de5cfe0,0x0000000776c00000)
  from space 26112K, 0% used [0x0000000776c00000,0x0000000776c00000,0x0000000778580000)
  to   space 32256K, 0% used [0x000000077fa00000,0x000000077fa00000,0x0000000781980000)
 ParOldGen       total 175104K, used 38800K [0x00000006c1000000, 0x00000006cbb00000, 0x000000076b000000)
  object space 175104K, 22% used [0x00000006c1000000,0x00000006c35e4038,0x00000006cbb00000)
 Metaspace       used 39298K, capacity 39896K, committed 40192K, reserved 1085440K
  class space    used 4323K, capacity 4517K, committed 4608K, reserved 1048576K
GC Heap History (10 events):
Event: 2.988 GC heap before
{Heap before GC invocations=5 (full 1):
 PSYoungGen      total 141824K, used 10727K [0x000000076b000000, 0x0000000774500000, 0x00000007c0000000)
  eden space 131072K, 0% used [0x000000076b000000,0x000000076b000000,0x0000000773000000)
  from space 10752K, 99% used [0x0000000773a80000,0x00000007744f9fc8,0x0000000774500000)
  to   space 10752K, 0% used [0x0000000773000000,0x0000000773000000,0x0000000773a80000)
 ParOldGen       total 175104K, used 1214K [0x00000006c1000000, 0x00000006cbb00000, 0x000000076b000000)
  object space 175104K, 0% used [0x00000006c1000000,0x00000006c112fa20,0x00000006cbb00000)
 Metaspace       used 20760K, capacity 21196K, committed 21248K, reserved 1069056K
  class space    used 2426K, capacity 2554K, committed 2560K, reserved 1048576K
Event: 3.033 GC heap after
Heap after GC invocations=5 (full 1):
 PSYoungGen      total 141824K, used 0K [0x000000076b000000, 0x0000000774500000, 0x00000007c0000000)
  eden space 131072K, 0% used [0x000000076b000000,0x000000076b000000,0x0000000773000000)
  from space 10752K, 0% used [0x0000000773a80000,0x0000000773a80000,0x0000000774500000)
  to   space 10752K, 0% used [0x0000000773000000,0x0000000773000000,0x0000000773a80000)
 ParOldGen       total 109568K, used 10692K [0x00000006c1000000, 0x00000006c7b00000, 0x000000076b000000)
  object space 109568K, 9% used [0x00000006c1000000,0x00000006c1a71130,0x00000006c7b00000)
 Metaspace       used 20760K, capacity 21196K, committed 21248K, reserved 1069056K
  class space    used 2426K, capacity 2554K, committed 2560K, reserved 1048576K
}
Event: 3.945 GC heap before
{Heap before GC invocations=6 (full 1):
 PSYoungGen      total 141824K, used 131072K [0x000000076b000000, 0x0000000774500000, 0x00000007c0000000)
  eden space 131072K, 100% used [0x000000076b000000,0x0000000773000000,0x0000000773000000)
  from space 10752K, 0% used [0x0000000773a80000,0x0000000773a80000,0x0000000774500000)
  to   space 10752K, 0% used [0x0000000773000000,0x0000000773000000,0x0000000773a80000)
 ParOldGen       total 109568K, used 10692K [0x00000006c1000000, 0x00000006c7b00000, 0x000000076b000000)
  object space 109568K, 9% used [0x00000006c1000000,0x00000006c1a71130,0x00000006c7b00000)
 Metaspace       used 24857K, capacity 25354K, committed 25600K, reserved 1071104K
  class space    used 2871K, capacity 3023K, committed 3072K, reserved 1048576K
Event: 3.962 GC heap after
Heap after GC invocations=6 (full 1):
 PSYoungGen      total 141824K, used 10749K [0x000000076b000000, 0x0000000779880000, 0x00000007c0000000)
  eden space 131072K, 0% used [0x000000076b000000,0x000000076b000000,0x0000000773000000)
  from space 10752K, 99% used [0x0000000773000000,0x0000000773a7f460,0x0000000773a80000)
  to   space 19456K, 0% used [0x0000000778580000,0x0000000778580000,0x0000000779880000)
 ParOldGen       total 109568K, used 21216K [0x00000006c1000000, 0x00000006c7b00000, 0x000000076b000000)
  object space 109568K, 19% used [0x00000006c1000000,0x00000006c24b80a0,0x00000006c7b00000)
 Metaspace       used 24857K, capacity 25354K, committed 25600K, reserved 1071104K
  class space    used 2871K, capacity 3023K, committed 3072K, reserved 1048576K
}
Event: 4.336 GC heap before
{Heap before GC invocations=7 (full 1):
 PSYoungGen      total 141824K, used 141821K [0x000000076b000000, 0x0000000779880000, 0x00000007c0000000)
  eden space 131072K, 100% used [0x000000076b000000,0x0000000773000000,0x0000000773000000)
  from space 10752K, 99% used [0x0000000773000000,0x0000000773a7f460,0x0000000773a80000)
  to   space 19456K, 0% used [0x0000000778580000,0x0000000778580000,0x0000000779880000)
 ParOldGen       total 109568K, used 21216K [0x00000006c1000000, 0x00000006c7b00000, 0x000000076b000000)
  object space 109568K, 19% used [0x00000006c1000000,0x00000006c24b80a0,0x00000006c7b00000)
 Metaspace       used 24861K, capacity 25354K, committed 25600K, reserved 1071104K
  class space    used 2871K, capacity 3023K, committed 3072K, reserved 1048576K
Event: 4.362 GC heap after
Heap after GC invocations=7 (full 1):
 PSYoungGen      total 211968K, used 19441K [0x000000076b000000, 0x000000077b680000, 0x00000007c0000000)
  eden space 192512K, 0% used [0x000000076b000000,0x000000076b000000,0x0000000776c00000)
  from space 19456K, 99% used [0x0000000778580000,0x000000077987c718,0x0000000779880000)
  to   space 26112K, 0% used [0x0000000776c00000,0x0000000776c00000,0x0000000778580000)
 ParOldGen       total 109568K, used 27808K [0x00000006c1000000, 0x00000006c7b00000, 0x000000076b000000)
  object space 109568K, 25% used [0x00000006c1000000,0x00000006c2b282d0,0x00000006c7b00000)
 Metaspace       used 24861K, capacity 25354K, committed 25600K, reserved 1071104K
  class space    used 2871K, capacity 3023K, committed 3072K, reserved 1048576K
}
Event: 26.173 GC heap before
{Heap before GC invocations=8 (full 1):
 PSYoungGen      total 211968K, used 187995K [0x000000076b000000, 0x000000077b680000, 0x00000007c0000000)
  eden space 192512K, 87% used [0x000000076b000000,0x000000077549a7a0,0x0000000776c00000)
  from space 19456K, 99% used [0x0000000778580000,0x000000077987c718,0x0000000779880000)
  to   space 26112K, 0% used [0x0000000776c00000,0x0000000776c00000,0x0000000778580000)
 ParOldGen       total 109568K, used 27808K [0x00000006c1000000, 0x00000006c7b00000, 0x000000076b000000)
  object space 109568K, 25% used [0x00000006c1000000,0x00000006c2b282d0,0x00000006c7b00000)
 Metaspace       used 34672K, capacity 35232K, committed 35416K, reserved 1081344K
  class space    used 3834K, capacity 4033K, committed 4096K, reserved 1048576K
Event: 26.195 GC heap after
Heap after GC invocations=8 (full 1):
 PSYoungGen      total 218624K, used 26099K [0x000000076b000000, 0x0000000781980000, 0x00000007c0000000)
  eden space 192512K, 0% used [0x000000076b000000,0x000000076b000000,0x0000000776c00000)
  from space 26112K, 99% used [0x0000000776c00000,0x000000077857cdf0,0x0000000778580000)
  to   space 32256K, 0% used [0x000000077fa00000,0x000000077fa00000,0x0000000781980000)
 ParOldGen       total 109568K, used 31928K [0x00000006c1000000, 0x00000006c7b00000, 0x000000076b000000)
  object space 109568K, 29% used [0x00000006c1000000,0x00000006c2f2e3d8,0x00000006c7b00000)
 Metaspace       used 34672K, capacity 35232K, committed 35416K, reserved 1081344K
  class space    used 3834K, capacity 4033K, committed 4096K, reserved 1048576K
}
Event: 26.195 GC heap before
{Heap before GC invocations=9 (full 2):
 PSYoungGen      total 218624K, used 26099K [0x000000076b000000, 0x0000000781980000, 0x00000007c0000000)
  eden space 192512K, 0% used [0x000000076b000000,0x000000076b000000,0x0000000776c00000)
  from space 26112K, 99% used [0x0000000776c00000,0x000000077857cdf0,0x0000000778580000)
  to   space 32256K, 0% used [0x000000077fa00000,0x000000077fa00000,0x0000000781980000)
 ParOldGen       total 109568K, used 31928K [0x00000006c1000000, 0x00000006c7b00000, 0x000000076b000000)
  object space 109568K, 29% used [0x00000006c1000000,0x00000006c2f2e3d8,0x00000006c7b00000)
 Metaspace       used 34672K, capacity 35232K, committed 35416K, reserved 1081344K
  class space    used 3834K, capacity 4033K, committed 4096K, reserved 1048576K
Event: 26.258 GC heap after
Heap after GC invocations=9 (full 2):
 PSYoungGen      total 218624K, used 0K [0x000000076b000000, 0x0000000781980000, 0x00000007c0000000)
  eden space 192512K, 0% used [0x000000076b000000,0x000000076b000000,0x0000000776c00000)
  from space 26112K, 0% used [0x0000000776c00000,0x0000000776c00000,0x0000000778580000)
  to   space 32256K, 0% used [0x000000077fa00000,0x000000077fa00000,0x0000000781980000)
 ParOldGen       total 175104K, used 38800K [0x00000006c1000000, 0x00000006cbb00000, 0x000000076b000000)
  object space 175104K, 22% used [0x00000006c1000000,0x00000006c35e4038,0x00000006cbb00000)
 Metaspace       used 34672K, capacity 35232K, committed 35416K, reserved 1081344K
  class space    used 3834K, capacity 4033K, committed 4096K, reserved 1048576K
}

